<?xml version="1.0" encoding="UTF-8"?>
<!-- Generated by org.testng.reporters.JUnitXMLReporter -->
<testsuite ignored="0" hostname="DESKTOP-II0EENF" failures="2" tests="6" name="Test" time="69.122" errors="0" timestamp="2023-11-20T14:48:35 EET">
  <testcase classname="test.swaglabs_LoginTest" name="LoginTest" time="0.269"/>
  <testcase classname="test.swaglabs_LoginTest" name="LoginTest" time="0.208">
    <failure type="java.lang.AssertionError">
      <![CDATA[java.lang.AssertionError: 
at utils.AssertionFactory.checkExpectedResult(AssertionFactory.java:10)
at test.swaglabs_LoginTest.LoginTest(swaglabs_LoginTest.java:69)
at java.base/java.util.ArrayList.forEach(ArrayList.java:1511)
at java.base/java.util.concurrent.ThreadPoolExecutor.runWorker(ThreadPoolExecutor.java:1144)
at java.base/java.util.concurrent.ThreadPoolExecutor$Worker.run(ThreadPoolExecutor.java:642)
at java.base/java.lang.Thread.run(Thread.java:1623)
... Removed 21 stack frames]]>
    </failure>
  </testcase> <!-- LoginTest -->
  <testcase classname="test.swaglabs_LoginTest" name="LoginTest" time="0.228"/>
  <testcase classname="test.swaglabs_LoginTest" name="LoginTest" time="5.241"/>
  <testcase classname="test.swaglabs_LoginTest" name="LoginTest" time="0.201">
    <failure type="java.lang.AssertionError">
      <![CDATA[java.lang.AssertionError: 
at utils.AssertionFactory.checkExpectedResult(AssertionFactory.java:10)
at test.swaglabs_LoginTest.LoginTest(swaglabs_LoginTest.java:69)
at java.base/java.util.ArrayList.forEach(ArrayList.java:1511)
at java.base/java.util.concurrent.ThreadPoolExecutor.runWorker(ThreadPoolExecutor.java:1144)
at java.base/java.util.concurrent.ThreadPoolExecutor$Worker.run(ThreadPoolExecutor.java:642)
at java.base/java.lang.Thread.run(Thread.java:1623)
... Removed 21 stack frames]]>
    </failure>
  </testcase> <!-- LoginTest -->
  <testcase classname="test.swaglabs_LoginTest" name="LoginTest" time="0.229"/>
</testsuite> <!-- Test -->
