<?xml version="1.0" encoding="UTF-8"?>
<testng-results ignored="0" total="6" passed="4" failed="2" skipped="0">
  <reporter-output>
  </reporter-output>
  <suite started-at="2023-11-20T14:47:26 EET" name="Suite" finished-at="2023-11-20T14:48:35 EET" duration-ms="69122">
    <groups>
      <group name="swagLabs Login Test">
        <method signature="swaglabs_LoginTest.LoginTest(data.swaglabs_LoginData)[pri:0, instance:test.swaglabs_LoginTest@710636b0]" name="LoginTest" class="test.swaglabs_LoginTest"/>
      </group> <!-- swagLabs Login Test -->
    </groups>
    <test started-at="2023-11-20T14:47:26 EET" name="Test" finished-at="2023-11-20T14:48:35 EET" duration-ms="69122">
      <class name="test.swaglabs_LoginTest">
        <test-method is-config="true" signature="before([Ljava.lang.Object;)[pri:0, instance:test.swaglabs_LoginTest@710636b0]" started-at="2023-11-20T14:47:26 EET" name="before" description="initialize the browser" finished-at="2023-11-20T14:47:37 EET" duration-ms="11084" status="PASS">
          <params>
            <param index="0">
              <value>
                <![CDATA[[Ljava.lang.Object;@4149c063]]>
              </value>
            </param>
          </params>
          <reporter-output>
          </reporter-output>
        </test-method> <!-- before -->
        <test-method signature="LoginTest(data.swaglabs_LoginData)[pri:0, instance:test.swaglabs_LoginTest@710636b0]" started-at="2023-11-20T14:47:37 EET" name="LoginTest" data-provider="swaglabs login test data provider" finished-at="2023-11-20T14:47:37 EET" duration-ms="269" status="PASS">
          <params>
            <param index="0">
              <value>
                <![CDATA[swaglabs_LoginData [TcID=T-001, username=standard_user, passwordsecret_sauce]]]>
              </value>
            </param>
          </params>
          <reporter-output>
          </reporter-output>
        </test-method> <!-- LoginTest -->
        <test-method is-config="true" signature="after(org.testng.ITestResult)[pri:0, instance:test.swaglabs_LoginTest@710636b0]" started-at="2023-11-20T14:47:37 EET" name="after" finished-at="2023-11-20T14:47:44 EET" duration-ms="6235" status="PASS">
          <params>
            <param index="0">
              <value>
                <![CDATA[[TestResult name=LoginTest status=SUCCESS method=swaglabs_LoginTest.LoginTest(data.swaglabs_LoginData)[pri:0, instance:test.swaglabs_LoginTest@710636b0] output={null}]]]>
              </value>
            </param>
          </params>
          <reporter-output>
          </reporter-output>
        </test-method> <!-- after -->
        <test-method is-config="true" signature="before([Ljava.lang.Object;)[pri:0, instance:test.swaglabs_LoginTest@710636b0]" started-at="2023-11-20T14:47:44 EET" name="before" description="initialize the browser" finished-at="2023-11-20T14:47:46 EET" duration-ms="2350" status="PASS">
          <params>
            <param index="0">
              <value>
                <![CDATA[[Ljava.lang.Object;@9cb8225]]>
              </value>
            </param>
          </params>
          <reporter-output>
          </reporter-output>
        </test-method> <!-- before -->
        <test-method signature="LoginTest(data.swaglabs_LoginData)[pri:0, instance:test.swaglabs_LoginTest@710636b0]" started-at="2023-11-20T14:47:46 EET" name="LoginTest" data-provider="swaglabs login test data provider" finished-at="2023-11-20T14:47:46 EET" duration-ms="208" status="FAIL">
          <params>
            <param index="0">
              <value>
                <![CDATA[swaglabs_LoginData [TcID=T-002, username=locked_out_user, passwordsecret_sauce]]]>
              </value>
            </param>
          </params>
          <exception class="java.lang.AssertionError">
            <full-stacktrace>
              <![CDATA[java.lang.AssertionError: 
at org.testng.AssertJUnit.fail(AssertJUnit.java:65)
at org.testng.AssertJUnit.assertTrue(AssertJUnit.java:23)
at org.testng.AssertJUnit.assertTrue(AssertJUnit.java:33)
at utils.AssertionFactory.checkExpectedResult(AssertionFactory.java:10)
at test.swaglabs_LoginTest.LoginTest(swaglabs_LoginTest.java:69)
at java.base/jdk.internal.reflect.DirectMethodHandleAccessor.invoke(DirectMethodHandleAccessor.java:104)
at java.base/java.lang.reflect.Method.invoke(Method.java:578)
at org.testng.internal.invokers.MethodInvocationHelper.invokeMethod(MethodInvocationHelper.java:139)
at org.testng.internal.invokers.TestInvoker.invokeMethod(TestInvoker.java:664)
at org.testng.internal.invokers.TestInvoker.invokeTestMethod(TestInvoker.java:227)
at org.testng.internal.invokers.MethodRunner.runInSequence(MethodRunner.java:50)
at org.testng.internal.invokers.TestInvoker$MethodInvocationAgent.invoke(TestInvoker.java:957)
at org.testng.internal.invokers.TestInvoker.invokeTestMethods(TestInvoker.java:200)
at org.testng.internal.invokers.TestMethodWorker.invokeTestMethods(TestMethodWorker.java:148)
at org.testng.internal.invokers.TestMethodWorker.run(TestMethodWorker.java:128)
at java.base/java.util.ArrayList.forEach(ArrayList.java:1511)
at org.testng.TestRunner.privateRun(TestRunner.java:848)
at org.testng.TestRunner.run(TestRunner.java:621)
at org.testng.SuiteRunner.runTest(SuiteRunner.java:443)
at org.testng.SuiteRunner.runSequentially(SuiteRunner.java:437)
at org.testng.SuiteRunner.privateRun(SuiteRunner.java:397)
at org.testng.SuiteRunner.run(SuiteRunner.java:336)
at org.testng.SuiteRunnerWorker.runSuite(SuiteRunnerWorker.java:52)
at org.testng.SuiteRunnerWorker.run(SuiteRunnerWorker.java:95)
at java.base/java.util.concurrent.ThreadPoolExecutor.runWorker(ThreadPoolExecutor.java:1144)
at java.base/java.util.concurrent.ThreadPoolExecutor$Worker.run(ThreadPoolExecutor.java:642)
at java.base/java.lang.Thread.run(Thread.java:1623)
]]>
            </full-stacktrace>
          </exception> <!-- java.lang.AssertionError -->
          <reporter-output>
          </reporter-output>
        </test-method> <!-- LoginTest -->
        <test-method is-config="true" signature="after(org.testng.ITestResult)[pri:0, instance:test.swaglabs_LoginTest@710636b0]" started-at="2023-11-20T14:47:46 EET" name="after" finished-at="2023-11-20T14:47:52 EET" duration-ms="6237" status="PASS">
          <params>
            <param index="0">
              <value>
                <![CDATA[[TestResult name=LoginTest status=FAILURE method=swaglabs_LoginTest.LoginTest(data.swaglabs_LoginData)[pri:0, instance:test.swaglabs_LoginTest@710636b0] output={null}]]]>
              </value>
            </param>
          </params>
          <reporter-output>
          </reporter-output>
        </test-method> <!-- after -->
        <test-method is-config="true" signature="before([Ljava.lang.Object;)[pri:0, instance:test.swaglabs_LoginTest@710636b0]" started-at="2023-11-20T14:47:52 EET" name="before" description="initialize the browser" finished-at="2023-11-20T14:47:55 EET" duration-ms="2529" status="PASS">
          <params>
            <param index="0">
              <value>
                <![CDATA[[Ljava.lang.Object;@76b07f29]]>
              </value>
            </param>
          </params>
          <reporter-output>
          </reporter-output>
        </test-method> <!-- before -->
        <test-method signature="LoginTest(data.swaglabs_LoginData)[pri:0, instance:test.swaglabs_LoginTest@710636b0]" started-at="2023-11-20T14:47:55 EET" name="LoginTest" data-provider="swaglabs login test data provider" finished-at="2023-11-20T14:47:55 EET" duration-ms="228" status="PASS">
          <params>
            <param index="0">
              <value>
                <![CDATA[swaglabs_LoginData [TcID=T-003, username=problem_user, passwordsecret_sauce]]]>
              </value>
            </param>
          </params>
          <reporter-output>
          </reporter-output>
        </test-method> <!-- LoginTest -->
        <test-method is-config="true" signature="after(org.testng.ITestResult)[pri:0, instance:test.swaglabs_LoginTest@710636b0]" started-at="2023-11-20T14:47:55 EET" name="after" finished-at="2023-11-20T14:48:01 EET" duration-ms="6231" status="PASS">
          <params>
            <param index="0">
              <value>
                <![CDATA[[TestResult name=LoginTest status=SUCCESS method=swaglabs_LoginTest.LoginTest(data.swaglabs_LoginData)[pri:0, instance:test.swaglabs_LoginTest@710636b0] output={null}]]]>
              </value>
            </param>
          </params>
          <reporter-output>
          </reporter-output>
        </test-method> <!-- after -->
        <test-method is-config="true" signature="before([Ljava.lang.Object;)[pri:0, instance:test.swaglabs_LoginTest@710636b0]" started-at="2023-11-20T14:48:01 EET" name="before" description="initialize the browser" finished-at="2023-11-20T14:48:03 EET" duration-ms="2124" status="PASS">
          <params>
            <param index="0">
              <value>
                <![CDATA[[Ljava.lang.Object;@38af9828]]>
              </value>
            </param>
          </params>
          <reporter-output>
          </reporter-output>
        </test-method> <!-- before -->
        <test-method signature="LoginTest(data.swaglabs_LoginData)[pri:0, instance:test.swaglabs_LoginTest@710636b0]" started-at="2023-11-20T14:48:03 EET" name="LoginTest" data-provider="swaglabs login test data provider" finished-at="2023-11-20T14:48:09 EET" duration-ms="5241" status="PASS">
          <params>
            <param index="0">
              <value>
                <![CDATA[swaglabs_LoginData [TcID=T-004, username=performance_glitch_user, passwordsecret_sauce]]]>
              </value>
            </param>
          </params>
          <reporter-output>
          </reporter-output>
        </test-method> <!-- LoginTest -->
        <test-method is-config="true" signature="after(org.testng.ITestResult)[pri:0, instance:test.swaglabs_LoginTest@710636b0]" started-at="2023-11-20T14:48:09 EET" name="after" finished-at="2023-11-20T14:48:15 EET" duration-ms="6258" status="PASS">
          <params>
            <param index="0">
              <value>
                <![CDATA[[TestResult name=LoginTest status=SUCCESS method=swaglabs_LoginTest.LoginTest(data.swaglabs_LoginData)[pri:0, instance:test.swaglabs_LoginTest@710636b0] output={null}]]]>
              </value>
            </param>
          </params>
          <reporter-output>
          </reporter-output>
        </test-method> <!-- after -->
        <test-method is-config="true" signature="before([Ljava.lang.Object;)[pri:0, instance:test.swaglabs_LoginTest@710636b0]" started-at="2023-11-20T14:48:15 EET" name="before" description="initialize the browser" finished-at="2023-11-20T14:48:19 EET" duration-ms="3863" status="PASS">
          <params>
            <param index="0">
              <value>
                <![CDATA[[Ljava.lang.Object;@376a0d86]]>
              </value>
            </param>
          </params>
          <reporter-output>
          </reporter-output>
        </test-method> <!-- before -->
        <test-method signature="LoginTest(data.swaglabs_LoginData)[pri:0, instance:test.swaglabs_LoginTest@710636b0]" started-at="2023-11-20T14:48:19 EET" name="LoginTest" data-provider="swaglabs login test data provider" finished-at="2023-11-20T14:48:19 EET" duration-ms="201" status="FAIL">
          <params>
            <param index="0">
              <value>
                <![CDATA[swaglabs_LoginData [TcID=T-005, username=error_user , passwordsecret_sauce]]]>
              </value>
            </param>
          </params>
          <exception class="java.lang.AssertionError">
            <full-stacktrace>
              <![CDATA[java.lang.AssertionError: 
at org.testng.AssertJUnit.fail(AssertJUnit.java:65)
at org.testng.AssertJUnit.assertTrue(AssertJUnit.java:23)
at org.testng.AssertJUnit.assertTrue(AssertJUnit.java:33)
at utils.AssertionFactory.checkExpectedResult(AssertionFactory.java:10)
at test.swaglabs_LoginTest.LoginTest(swaglabs_LoginTest.java:69)
at java.base/jdk.internal.reflect.DirectMethodHandleAccessor.invoke(DirectMethodHandleAccessor.java:104)
at java.base/java.lang.reflect.Method.invoke(Method.java:578)
at org.testng.internal.invokers.MethodInvocationHelper.invokeMethod(MethodInvocationHelper.java:139)
at org.testng.internal.invokers.TestInvoker.invokeMethod(TestInvoker.java:664)
at org.testng.internal.invokers.TestInvoker.invokeTestMethod(TestInvoker.java:227)
at org.testng.internal.invokers.MethodRunner.runInSequence(MethodRunner.java:50)
at org.testng.internal.invokers.TestInvoker$MethodInvocationAgent.invoke(TestInvoker.java:957)
at org.testng.internal.invokers.TestInvoker.invokeTestMethods(TestInvoker.java:200)
at org.testng.internal.invokers.TestMethodWorker.invokeTestMethods(TestMethodWorker.java:148)
at org.testng.internal.invokers.TestMethodWorker.run(TestMethodWorker.java:128)
at java.base/java.util.ArrayList.forEach(ArrayList.java:1511)
at org.testng.TestRunner.privateRun(TestRunner.java:848)
at org.testng.TestRunner.run(TestRunner.java:621)
at org.testng.SuiteRunner.runTest(SuiteRunner.java:443)
at org.testng.SuiteRunner.runSequentially(SuiteRunner.java:437)
at org.testng.SuiteRunner.privateRun(SuiteRunner.java:397)
at org.testng.SuiteRunner.run(SuiteRunner.java:336)
at org.testng.SuiteRunnerWorker.runSuite(SuiteRunnerWorker.java:52)
at org.testng.SuiteRunnerWorker.run(SuiteRunnerWorker.java:95)
at java.base/java.util.concurrent.ThreadPoolExecutor.runWorker(ThreadPoolExecutor.java:1144)
at java.base/java.util.concurrent.ThreadPoolExecutor$Worker.run(ThreadPoolExecutor.java:642)
at java.base/java.lang.Thread.run(Thread.java:1623)
]]>
            </full-stacktrace>
          </exception> <!-- java.lang.AssertionError -->
          <reporter-output>
          </reporter-output>
        </test-method> <!-- LoginTest -->
        <test-method is-config="true" signature="after(org.testng.ITestResult)[pri:0, instance:test.swaglabs_LoginTest@710636b0]" started-at="2023-11-20T14:48:19 EET" name="after" finished-at="2023-11-20T14:48:25 EET" duration-ms="6252" status="PASS">
          <params>
            <param index="0">
              <value>
                <![CDATA[[TestResult name=LoginTest status=FAILURE method=swaglabs_LoginTest.LoginTest(data.swaglabs_LoginData)[pri:0, instance:test.swaglabs_LoginTest@710636b0] output={null}]]]>
              </value>
            </param>
          </params>
          <reporter-output>
          </reporter-output>
        </test-method> <!-- after -->
        <test-method is-config="true" signature="before([Ljava.lang.Object;)[pri:0, instance:test.swaglabs_LoginTest@710636b0]" started-at="2023-11-20T14:48:25 EET" name="before" description="initialize the browser" finished-at="2023-11-20T14:48:28 EET" duration-ms="2958" status="PASS">
          <params>
            <param index="0">
              <value>
                <![CDATA[[Ljava.lang.Object;@62656be4]]>
              </value>
            </param>
          </params>
          <reporter-output>
          </reporter-output>
        </test-method> <!-- before -->
        <test-method signature="LoginTest(data.swaglabs_LoginData)[pri:0, instance:test.swaglabs_LoginTest@710636b0]" started-at="2023-11-20T14:48:28 EET" name="LoginTest" data-provider="swaglabs login test data provider" finished-at="2023-11-20T14:48:28 EET" duration-ms="229" status="PASS">
          <params>
            <param index="0">
              <value>
                <![CDATA[swaglabs_LoginData [TcID=T-006, username=visual_user, passwordsecret_sauce]]]>
              </value>
            </param>
          </params>
          <reporter-output>
          </reporter-output>
        </test-method> <!-- LoginTest -->
        <test-method is-config="true" signature="after(org.testng.ITestResult)[pri:0, instance:test.swaglabs_LoginTest@710636b0]" started-at="2023-11-20T14:48:28 EET" name="after" finished-at="2023-11-20T14:48:35 EET" duration-ms="6228" status="PASS">
          <params>
            <param index="0">
              <value>
                <![CDATA[[TestResult name=LoginTest status=SUCCESS method=swaglabs_LoginTest.LoginTest(data.swaglabs_LoginData)[pri:0, instance:test.swaglabs_LoginTest@710636b0] output={null}]]]>
              </value>
            </param>
          </params>
          <reporter-output>
          </reporter-output>
        </test-method> <!-- after -->
      </class> <!-- test.swaglabs_LoginTest -->
    </test> <!-- Test -->
  </suite> <!-- Suite -->
</testng-results>
