<?xml version="1.0" encoding="UTF-8"?>
<testsuite xmlns:xsi="http://www.w3.org/2001/XMLSchema-instance" xsi:noNamespaceSchemaLocation="https://maven.apache.org/surefire/maven-surefire-plugin/xsd/surefire-test-report-3.0.xsd" version="3.0" name="TestSuite" time="69.582" tests="6" errors="0" skipped="0" failures="2">
  <properties>
[...]
</properties>
  <testcase name="LoginTest[swaglabs_LoginData [TcID=T-001, username=standard_user, passwordsecret_sauce]](1)" classname="test.swaglabs_LoginTest" time="0.279">
    <system-out><![CDATA[Success of test cases and its details are : test.swaglabs_LoginTest@710636b0
]]></system-out>
    <system-err><![CDATA[SLF4J: No SLF4J providers were found.
SLF4J: Defaulting to no-operation (NOP) logger implementation
SLF4J: See https://www.slf4j.org/codes.html#noProviders for further details.
Nov 20, 2023 2:47:31 PM org.openqa.selenium.devtools.CdpVersionFinder findNearestMatch
WARNING: Unable to find an exact match for CDP version 119, returning the closest version; found: 118; Please update to a Selenium version that supports CDP version 119
]]></system-err>
  </testcase>
  <testcase name="LoginTest[swaglabs_LoginData [TcID=T-002, username=locked_out_user, passwordsecret_sauce]](2)" classname="test.swaglabs_LoginTest" time="0.214">
    <failure type="java.lang.AssertionError"><![CDATA[java.lang.AssertionError: 
	at test.swaglabs_LoginTest.LoginTest(swaglabs_LoginTest.java:69)
]]></failure>
    <system-out><![CDATA[Failure of test cases and its details are : LoginTest
]]></system-out>
    <system-err><![CDATA[Nov 20, 2023 2:47:44 PM org.openqa.selenium.devtools.CdpVersionFinder findNearestMatch
WARNING: Unable to find an exact match for CDP version 119, returning the closest version; found: 118; Please update to a Selenium version that supports CDP version 119
]]></system-err>
  </testcase>
  <testcase name="LoginTest[swaglabs_LoginData [TcID=T-003, username=problem_user, passwordsecret_sauce]](3)" classname="test.swaglabs_LoginTest" time="0.229">
    <system-out><![CDATA[Success of test cases and its details are : test.swaglabs_LoginTest@710636b0
]]></system-out>
    <system-err><![CDATA[Nov 20, 2023 2:47:53 PM org.openqa.selenium.devtools.CdpVersionFinder findNearestMatch
WARNING: Unable to find an exact match for CDP version 119, returning the closest version; found: 118; Please update to a Selenium version that supports CDP version 119
]]></system-err>
  </testcase>
  <testcase name="LoginTest[swaglabs_LoginData [TcID=T-004, username=performance_glitch_user, passwordsecret_sauce]](4)" classname="test.swaglabs_LoginTest" time="5.241">
    <system-out><![CDATA[Success of test cases and its details are : test.swaglabs_LoginTest@710636b0
]]></system-out>
    <system-err><![CDATA[Nov 20, 2023 2:48:02 PM org.openqa.selenium.devtools.CdpVersionFinder findNearestMatch
WARNING: Unable to find an exact match for CDP version 119, returning the closest version; found: 118; Please update to a Selenium version that supports CDP version 119
]]></system-err>
  </testcase>
  <testcase name="LoginTest[swaglabs_LoginData [TcID=T-005, username=error_user , passwordsecret_sauce]](5)" classname="test.swaglabs_LoginTest" time="0.201">
    <failure type="java.lang.AssertionError"><![CDATA[java.lang.AssertionError: 
	at test.swaglabs_LoginTest.LoginTest(swaglabs_LoginTest.java:69)
]]></failure>
    <system-out><![CDATA[Failure of test cases and its details are : LoginTest
]]></system-out>
    <system-err><![CDATA[Nov 20, 2023 2:48:16 PM org.openqa.selenium.devtools.CdpVersionFinder findNearestMatch
WARNING: Unable to find an exact match for CDP version 119, returning the closest version; found: 118; Please update to a Selenium version that supports CDP version 119
]]></system-err>
  </testcase>
  <testcase name="LoginTest[swaglabs_LoginData [TcID=T-006, username=visual_user, passwordsecret_sauce]](6)" classname="test.swaglabs_LoginTest" time="0.229">
    <system-out><![CDATA[Success of test cases and its details are : test.swaglabs_LoginTest@710636b0
]]></system-out>
    <system-err><![CDATA[Nov 20, 2023 2:48:26 PM org.openqa.selenium.devtools.CdpVersionFinder findNearestMatch
WARNING: Unable to find an exact match for CDP version 119, returning the closest version; found: 118; Please update to a Selenium version that supports CDP version 119
]]></system-err>
  </testcase>
</testsuite>